All In One Videos Admob/build/outputs/logs/manifest-merger-debug-report.txt
-- Merging decision tree log ---
manifest
ADDED from Android Code/All In One Videos Admob/AndroidManifest.xml:2:1-117:12
	package
		ADDED from Android Code/All In One Videos Admob/AndroidManifest.xml:3:5-42
	android:versionName
		ADDED from Android Code/All In One Videos Admob/AndroidManifest.xml:5:5-30
		INJECTED from Android Code/All In One Videos Admob/AndroidManifest.xml
		INJECTED from Android Code/All In One Videos Admob/AndroidManifest.xml
	android:versionCode
		ADDED from Android Code/All In One Videos Admob/AndroidManifest.xml:4:5-28
		INJECTED from Android Code/All In One Videos Admob/AndroidManifest.xml
		INJECTED from Android Code/All In One Videos Admob/AndroidManifest.xml
	xmlns:android
		ADDED from Android Code/All In One Videos Admob/AndroidManifest.xml:2:11-69
uses-sdk
ADDED from Android Code/All In One Videos Admob/AndroidManifest.xml:7:5-9:41
MERGED from [Android Code:actionbarsherlock:unspecified] AndroidManifest.xml:7:5-9:41
MERGED from [Android Code:google-play-services_lib:unspecified] AndroidManifest.xml:7:5-43
	android:targetSdkVersion
		ADDED from Android Code/All In One Videos Admob/AndroidManifest.xml:9:9-38
	android:minSdkVersion
		ADDED from Android Code/All In One Videos Admob/AndroidManifest.xml:8:9-34
uses-permission#android.permission.ACCESS_NETWORK_STATE
ADDED from Android Code/All In One Videos Admob/AndroidManifest.xml:11:5-79
	android:name
		ADDED from Android Code/All In One Videos Admob/AndroidManifest.xml:11:22-76
uses-permission#android.permission.INTERNET
ADDED from Android Code/All In One Videos Admob/AndroidManifest.xml:12:5-67
	android:name
		ADDED from Android Code/All In One Videos Admob/AndroidManifest.xml:12:22-64
uses-permission#android.permission.WRITE_EXTERNAL_STORAGE
ADDED from Android Code/All In One Videos Admob/AndroidManifest.xml:13:5-81
	android:name
		ADDED from Android Code/All In One Videos Admob/AndroidManifest.xml:13:22-78
uses-permission#android.permission.ACCESS_WIFI_STATE
ADDED from Android Code/All In One Videos Admob/AndroidManifest.xml:14:5-76
	android:name
		ADDED from Android Code/All In One Videos Admob/AndroidManifest.xml:14:22-73
uses-permission#android.permission.RECEIVE_BOOT_COMPLETED
ADDED from Android Code/All In One Videos Admob/AndroidManifest.xml:15:5-81
	android:name
		ADDED from Android Code/All In One Videos Admob/AndroidManifest.xml:15:22-78
uses-permission#android.permission.VIBRATE
ADDED from Android Code/All In One Videos Admob/AndroidManifest.xml:16:5-66
	android:name
		ADDED from Android Code/All In One Videos Admob/AndroidManifest.xml:16:22-63
uses-permission#android.permission.WAKE_LOCK
ADDED from Android Code/All In One Videos Admob/AndroidManifest.xml:17:5-68
	android:name
		ADDED from Android Code/All In One Videos Admob/AndroidManifest.xml:17:22-65
uses-permission#android.permission.GET_ACCOUNTS
ADDED from Android Code/All In One Videos Admob/AndroidManifest.xml:18:5-71
	android:name
		ADDED from Android Code/All In One Videos Admob/AndroidManifest.xml:18:22-68
uses-permission#com.google.android.c2dm.permission.RECEIVE
ADDED from Android Code/All In One Videos Admob/AndroidManifest.xml:19:5-82
	android:name
		ADDED from Android Code/All In One Videos Admob/AndroidManifest.xml:19:22-79
permission#com.viaviapp.allinonevideos.permission.C2D_MESSAGE
ADDED from Android Code/All In One Videos Admob/AndroidManifest.xml:21:5-23:47
	android:protectionLevel
		ADDED from Android Code/All In One Videos Admob/AndroidManifest.xml:23:9-44
	android:name
		ADDED from Android Code/All In One Videos Admob/AndroidManifest.xml:22:9-74
uses-permission#com.viaviapp.allinonevideos.permission.C2D_MESSAGE
ADDED from Android Code/All In One Videos Admob/AndroidManifest.xml:25:5-90
	android:name
		ADDED from Android Code/All In One Videos Admob/AndroidManifest.xml:25:22-87
application
ADDED from Android Code/All In One Videos Admob/AndroidManifest.xml:27:5-115:19
MERGED from [Android Code:actionbarsherlock:unspecified] AndroidManifest.xml:11:5-20
	android:label
		ADDED from Android Code/All In One Videos Admob/AndroidManifest.xml:31:9-41
	android:allowBackup
		ADDED from Android Code/All In One Videos Admob/AndroidManifest.xml:29:9-35
	android:icon
		ADDED from Android Code/All In One Videos Admob/AndroidManifest.xml:30:9-38
	android:theme
		ADDED from Android Code/All In One Videos Admob/AndroidManifest.xml:32:9-51
	android:name
		ADDED from Android Code/All In One Videos Admob/AndroidManifest.xml:28:9-65
activity#com.viaviapp.allinonevideos.SplashActivity
ADDED from Android Code/All In One Videos Admob/AndroidManifest.xml:33:9-41:20
	android:label
		ADDED from Android Code/All In One Videos Admob/AndroidManifest.xml:35:13-45
	android:name
		ADDED from Android Code/All In One Videos Admob/AndroidManifest.xml:34:13-70
intent-filter#android.intent.action.MAIN+android.intent.category.LAUNCHER
ADDED from Android Code/All In One Videos Admob/AndroidManifest.xml:36:13-40:29
action#android.intent.action.MAIN
ADDED from Android Code/All In One Videos Admob/AndroidManifest.xml:37:17-69
	android:name
		ADDED from Android Code/All In One Videos Admob/AndroidManifest.xml:37:25-66
category#android.intent.category.LAUNCHER
ADDED from Android Code/All In One Videos Admob/AndroidManifest.xml:39:17-77
	android:name
		ADDED from Android Code/All In One Videos Admob/AndroidManifest.xml:39:27-74
activity#com.viaviapp.allinonevideos.MainActivity
ADDED from Android Code/All In One Videos Admob/AndroidManifest.xml:42:9-45:20
	android:configChanges
		ADDED from Android Code/All In One Videos Admob/AndroidManifest.xml:44:13-74
	android:name
		ADDED from Android Code/All In One Videos Admob/AndroidManifest.xml:43:13-68
activity#com.viaviapp.allinonevideos.CategoryItem
ADDED from Android Code/All In One Videos Admob/AndroidManifest.xml:46:9-49:20
	android:configChanges
		ADDED from Android Code/All In One Videos Admob/AndroidManifest.xml:48:13-74
	android:name
		ADDED from Android Code/All In One Videos Admob/AndroidManifest.xml:47:13-68
activity#com.viaviapp.allinonevideos.VideoPlay
ADDED from Android Code/All In One Videos Admob/AndroidManifest.xml:50:9-53:20
	android:configChanges
		ADDED from Android Code/All In One Videos Admob/AndroidManifest.xml:52:13-74
	android:name
		ADDED from Android Code/All In One Videos Admob/AndroidManifest.xml:51:13-65
activity#com.viaviapp.allinonevideos.AboutActivity
ADDED from Android Code/All In One Videos Admob/AndroidManifest.xml:54:9-55:20
	android:name
		ADDED from Android Code/All In One Videos Admob/AndroidManifest.xml:54:19-75
activity#com.example.play.OpenYouTubePlayerActivity
ADDED from Android Code/All In One Videos Admob/AndroidManifest.xml:56:9-62:20
	android:screenOrientation
		ADDED from Android Code/All In One Videos Admob/AndroidManifest.xml:60:13-50
	android:label
		ADDED from Android Code/All In One Videos Admob/AndroidManifest.xml:59:13-45
	android:configChanges
		ADDED from Android Code/All In One Videos Admob/AndroidManifest.xml:58:13-48
	android:theme
		ADDED from Android Code/All In One Videos Admob/AndroidManifest.xml:61:13-55
	android:name
		ADDED from Android Code/All In One Videos Admob/AndroidManifest.xml:57:13-70
meta-data#com.google.android.gms.version
ADDED from Android Code/All In One Videos Admob/AndroidManifest.xml:64:9-66:69
	android:value
		ADDED from Android Code/All In One Videos Admob/AndroidManifest.xml:66:13-66
	android:name
		ADDED from Android Code/All In One Videos Admob/AndroidManifest.xml:65:13-58
activity#com.google.android.gms.ads.AdActivity
ADDED from Android Code/All In One Videos Admob/AndroidManifest.xml:69:9-71:125
	android:configChanges
		ADDED from Android Code/All In One Videos Admob/AndroidManifest.xml:71:13-122
	android:name
		ADDED from Android Code/All In One Videos Admob/AndroidManifest.xml:70:13-65
activity#com.example.youtube.YoutubePlay
ADDED from Android Code/All In One Videos Admob/AndroidManifest.xml:74:9-77:20
	android:configChanges
		ADDED from Android Code/All In One Videos Admob/AndroidManifest.xml:76:13-74
	android:name
		ADDED from Android Code/All In One Videos Admob/AndroidManifest.xml:75:13-59
activity#com.example.dailymotion.DailyMotionPlay
ADDED from Android Code/All In One Videos Admob/AndroidManifest.xml:79:9-83:20
	android:configChanges
		ADDED from Android Code/All In One Videos Admob/AndroidManifest.xml:81:13-74
	android:theme
		ADDED from Android Code/All In One Videos Admob/AndroidManifest.xml:82:13-66
	android:name
		ADDED from Android Code/All In One Videos Admob/AndroidManifest.xml:80:13-67
activity#com.example.vimeo.Vimeo
ADDED from Android Code/All In One Videos Admob/AndroidManifest.xml:86:9-90:20
	android:configChanges
		ADDED from Android Code/All In One Videos Admob/AndroidManifest.xml:88:13-74
	android:theme
		ADDED from Android Code/All In One Videos Admob/AndroidManifest.xml:89:13-66
	android:name
		ADDED from Android Code/All In One Videos Admob/AndroidManifest.xml:87:13-51
service#com.parse.PushService
ADDED from Android Code/All In One Videos Admob/AndroidManifest.xml:92:9-57
	android:name
		ADDED from Android Code/All In One Videos Admob/AndroidManifest.xml:92:18-54
receiver#com.parse.ParseBroadcastReceiver
ADDED from Android Code/All In One Videos Admob/AndroidManifest.xml:94:9-99:20
	android:name
		ADDED from Android Code/All In One Videos Admob/AndroidManifest.xml:94:19-66
intent-filter#android.intent.action.BOOT_COMPLETED+android.intent.action.USER_PRESENT
ADDED from Android Code/All In One Videos Admob/AndroidManifest.xml:95:13-98:29
action#android.intent.action.BOOT_COMPLETED
ADDED from Android Code/All In One Videos Admob/AndroidManifest.xml:96:17-79
	android:name
		ADDED from Android Code/All In One Videos Admob/AndroidManifest.xml:96:25-76
action#android.intent.action.USER_PRESENT
ADDED from Android Code/All In One Videos Admob/AndroidManifest.xml:97:17-77
	android:name
		ADDED from Android Code/All In One Videos Admob/AndroidManifest.xml:97:25-74
receiver#com.parse.GcmBroadcastReceiver
ADDED from Android Code/All In One Videos Admob/AndroidManifest.xml:100:9-114:20
	android:permission
		ADDED from Android Code/All In One Videos Admob/AndroidManifest.xml:102:13-73
	android:name
		ADDED from Android Code/All In One Videos Admob/AndroidManifest.xml:101:13-58
intent-filter#com.google.android.c2dm.intent.RECEIVE+com.google.android.c2dm.intent.REGISTRATION+com.viaviapp.allinonevideos
ADDED from Android Code/All In One Videos Admob/AndroidManifest.xml:103:13-113:29
action#com.google.android.c2dm.intent.RECEIVE
ADDED from Android Code/All In One Videos Admob/AndroidManifest.xml:104:17-81
	android:name
		ADDED from Android Code/All In One Videos Admob/AndroidManifest.xml:104:25-78
action#com.google.android.c2dm.intent.REGISTRATION
ADDED from Android Code/All In One Videos Admob/AndroidManifest.xml:105:17-86
	android:name
		ADDED from Android Code/All In One Videos Admob/AndroidManifest.xml:105:25-83
category#com.viaviapp.allinonevideos
ADDED from Android Code/All In One Videos Admob/AndroidManifest.xml:112:17-72
	android:name
		ADDED from Android Code/All In One Videos Admob/AndroidManifest.xml:112:27-69